# JRE version: Java(TM) SE Runtime Environment (8.0_51-b16) (build 1.8.0_51-b16)
# Java VM: Java HotSpot(TM) 64-Bit Server VM (25.51-b03 mixed mode windows-amd64 compressed oops)
Heap:
 PSYoungGen      total 302592K, used 49350K [0x00000000eab00000, 0x0000000100000000, 0x0000000100000000)
  eden space 260608K, 7% used [0x00000000eab00000,0x00000000ebd5dd98,0x00000000fa980000)
  from space 41984K, 72% used [0x00000000fa980000,0x00000000fc753be0,0x00000000fd280000)
  to   space 43520K, 0% used [0x00000000fd580000,0x00000000fd580000,0x0000000100000000)
 ParOldGen       total 233984K, used 67235K [0x00000000c0000000, 0x00000000ce480000, 0x00000000eab00000)
  object space 233984K, 28% used [0x00000000c0000000,0x00000000c41a8f58,0x00000000ce480000)
 Metaspace       used 64513K, capacity 66333K, committed 99712K, reserved 1132544K
  class space    used 8555K, capacity 9187K, committed 17024K, reserved 1048576K
GC Heap History (10 events):
Event: 956.497 GC heap before
{Heap before GC invocations=28 (full 8):
 PSYoungGen      total 260096K, used 20276K [0x00000000eab00000, 0x00000000fd380000, 0x0000000100000000)
  eden space 219648K, 0% used [0x00000000eab00000,0x00000000eab00000,0x00000000f8180000)
  from space 40448K, 50% used [0x00000000fac00000,0x00000000fbfcd0b0,0x00000000fd380000)
  to   space 41984K, 0% used [0x00000000f8180000,0x00000000f8180000,0x00000000faa80000)
 ParOldGen       total 233984K, used 132059K [0x00000000c0000000, 0x00000000ce480000, 0x00000000eab00000)
  object space 233984K, 56% used [0x00000000c0000000,0x00000000c80f6e98,0x00000000ce480000)
 Metaspace       used 98194K, capacity 103237K, committed 103424K, reserved 1136640K
  class space    used 13751K, capacity 15749K, committed 15872K, reserved 1048576K
Event: 957.052 GC heap after
Heap after GC invocations=28 (full 8):
 PSYoungGen      total 260096K, used 0K [0x00000000eab00000, 0x00000000fd380000, 0x0000000100000000)
  eden space 219648K, 0% used [0x00000000eab00000,0x00000000eab00000,0x00000000f8180000)
  from space 40448K, 0% used [0x00000000fac00000,0x00000000fac00000,0x00000000fd380000)
  to   space 41984K, 0% used [0x00000000f8180000,0x00000000f8180000,0x00000000faa80000)
 ParOldGen       total 233984K, used 121995K [0x00000000c0000000, 0x00000000ce480000, 0x00000000eab00000)
  object space 233984K, 52% used [0x00000000c0000000,0x00000000c7722c60,0x00000000ce480000)
 Metaspace       used 97662K, capacity 102261K, committed 103424K, reserved 1136640K
  class space    used 13551K, capacity 15323K, committed 15872K, reserved 1048576K
}
Event: 2904.372 GC heap before
{Heap before GC invocations=29 (full 8):
 PSYoungGen      total 260096K, used 219648K [0x00000000eab00000, 0x00000000fd380000, 0x0000000100000000)
  eden space 219648K, 100% used [0x00000000eab00000,0x00000000f8180000,0x00000000f8180000)
  from space 40448K, 0% used [0x00000000fac00000,0x00000000fac00000,0x00000000fd380000)
  to   space 41984K, 0% used [0x00000000f8180000,0x00000000f8180000,0x00000000faa80000)
 ParOldGen       total 233984K, used 121995K [0x00000000c0000000, 0x00000000ce480000, 0x00000000eab00000)
  object space 233984K, 52% used [0x00000000c0000000,0x00000000c7722c60,0x00000000ce480000)
 Metaspace       used 105737K, capacity 111173K, committed 111360K, reserved 1144832K
  class space    used 14734K, capacity 16792K, committed 16896K, reserved 1048576K
Event: 2904.398 GC heap after
Heap after GC invocations=29 (full 8):
 PSYoungGen      total 261632K, used 26405K [0x00000000eab00000, 0x00000000ffb00000, 0x0000000100000000)
  eden space 219648K, 0% used [0x00000000eab00000,0x00000000eab00000,0x00000000f8180000)
  from space 41984K, 62% used [0x00000000f8180000,0x00000000f9b496f8,0x00000000faa80000)
  to   space 41472K, 0% used [0x00000000fd280000,0x00000000fd280000,0x00000000ffb00000)
 ParOldGen       total 233984K, used 122003K [0x00000000c0000000, 0x00000000ce480000, 0x00000000eab00000)
  object space 233984K, 52% used [0x00000000c0000000,0x00000000c7724c60,0x00000000ce480000)
 Metaspace       used 105737K, capacity 111173K, committed 111360K, reserved 1144832K
  class space    used 14734K, capacity 16792K, committed 16896K, reserved 1048576K
}
Event: 2904.581 GC heap before
{Heap before GC invocations=30 (full 8):
 PSYoungGen      total 261632K, used 49944K [0x00000000eab00000, 0x00000000ffb00000, 0x0000000100000000)
  eden space 219648K, 10% used [0x00000000eab00000,0x00000000ec1fcc98,0x00000000f8180000)
  from space 41984K, 62% used [0x00000000f8180000,0x00000000f9b496f8,0x00000000faa80000)
  to   space 41472K, 0% used [0x00000000fd280000,0x00000000fd280000,0x00000000ffb00000)
 ParOldGen       total 233984K, used 122003K [0x00000000c0000000, 0x00000000ce480000, 0x00000000eab00000)
  object space 233984K, 52% used [0x00000000c0000000,0x00000000c7724c60,0x00000000ce480000)
 Metaspace       used 106420K, capacity 111857K, committed 112000K, reserved 1144832K
  class space    used 14844K, capacity 16892K, committed 17024K, reserved 1048576K
Event: 2904.591 GC heap after
Heap after GC invocations=30 (full 8):
 PSYoungGen      total 302080K, used 9290K [0x00000000eab00000, 0x00000000ffc00000, 0x0000000100000000)
  eden space 260608K, 0% used [0x00000000eab00000,0x00000000eab00000,0x00000000fa980000)
  from space 41472K, 22% used [0x00000000fd280000,0x00000000fdb92a80,0x00000000ffb00000)
  to   space 41984K, 0% used [0x00000000fa980000,0x00000000fa980000,0x00000000fd280000)
 ParOldGen       total 233984K, used 122011K [0x00000000c0000000, 0x00000000ce480000, 0x00000000eab00000)
  object space 233984K, 52% used [0x00000000c0000000,0x00000000c7726c60,0x00000000ce480000)
 Metaspace       used 106420K, capacity 111857K, committed 112000K, reserved 1144832K
  class space    used 14844K, capacity 16892K, committed 17024K, reserved 1048576K
}
Event: 2904.591 GC heap before
{Heap before GC invocations=31 (full 9):
 PSYoungGen      total 302080K, used 9290K [0x00000000eab00000, 0x00000000ffc00000, 0x0000000100000000)
  eden space 260608K, 0% used [0x00000000eab00000,0x00000000eab00000,0x00000000fa980000)
  from space 41472K, 22% used [0x00000000fd280000,0x00000000fdb92a80,0x00000000ffb00000)
  to   space 41984K, 0% used [0x00000000fa980000,0x00000000fa980000,0x00000000fd280000)
 ParOldGen       total 233984K, used 122011K [0x00000000c0000000, 0x00000000ce480000, 0x00000000eab00000)
  object space 233984K, 52% used [0x00000000c0000000,0x00000000c7726c60,0x00000000ce480000)
 Metaspace       used 106420K, capacity 111857K, committed 112000K, reserved 1144832K
  class space    used 14844K, capacity 16892K, committed 17024K, reserved 1048576K
Event: 2904.962 GC heap after
Heap after GC invocations=31 (full 9):
 PSYoungGen      total 302080K, used 0K [0x00000000eab00000, 0x00000000ffc00000, 0x0000000100000000)
  eden space 260608K, 0% used [0x00000000eab00000,0x00000000eab00000,0x00000000fa980000)
  from space 41472K, 0% used [0x00000000fd280000,0x00000000fd280000,0x00000000ffb00000)
  to   space 41984K, 0% used [0x00000000fa980000,0x00000000fa980000,0x00000000fd280000)
 ParOldGen       total 233984K, used 67235K [0x00000000c0000000, 0x00000000ce480000, 0x00000000eab00000)
  object space 233984K, 28% used [0x00000000c0000000,0x00000000c41a8f58,0x00000000ce480000)
 Metaspace       used 56447K, capacity 57509K, committed 99712K, reserved 1132544K
  class space    used 7348K, capacity 7694K, committed 17024K, reserved 1048576K
}
Event: 2995.234 GC heap before
{Heap before GC invocations=32 (full 9):
 PSYoungGen      total 302080K, used 260608K [0x00000000eab00000, 0x00000000ffc00000, 0x0000000100000000)
  eden space 260608K, 100% used [0x00000000eab00000,0x00000000fa980000,0x00000000fa980000)
  from space 41472K, 0% used [0x00000000fd280000,0x00000000fd280000,0x00000000ffb00000)
  to   space 41984K, 0% used [0x00000000fa980000,0x00000000fa980000,0x00000000fd280000)
 ParOldGen       total 233984K, used 67235K [0x00000000c0000000, 0x00000000ce480000, 0x00000000eab00000)
  object space 233984K, 28% used [0x00000000c0000000,0x00000000c41a8f58,0x00000000ce480000)
 Metaspace       used 64354K, capacity 66081K, committed 99712K, reserved 1132544K
  class space    used 8533K, capacity 9144K, committed 17024K, reserved 1048576K
Event: 2995.275 GC heap after
Heap after GC invocations=32 (full 9):
 PSYoungGen      total 302592K, used 30542K [0x00000000eab00000, 0x0000000100000000, 0x0000000100000000)
  eden space 260608K, 0% used [0x00000000eab00000,0x00000000eab00000,0x00000000fa980000)
  from space 41984K, 72% used [0x00000000fa980000,0x00000000fc753be0,0x00000000fd280000)
  to   space 43520K, 0% used [0x00000000fd580000,0x00000000fd580000,0x0000000100000000)
 ParOldGen       total 233984K, used 67235K [0x00000000c0000000, 0x00000000ce480000, 0x00000000eab00000)
  object space 233984K, 28% used [0x00000000c0000000,0x00000000c41a8f58,0x00000000ce480000)
 Metaspace       used 64354K, capacity 66081K, committed 99712K, reserved 1132544K
  class space    used 8533K, capacity 9144K, committed 17024K, reserved 1048576K
}

